<?xml version="1.0" encoding="UTF-8"?>
<testsuite name="HelloServletTest" tests="1" skipped="0" failures="0" errors="0" timestamp="2018-04-17T08:43:55" hostname="LAPTOP-M39CQ7KD" time="0.002">
  <properties/>
  <testcase name="dummyUnitTest" classname="HelloServletTest" time="0.002"/>
  <system-out><![CDATA[]]></system-out>
  <system-err><![CDATA[]]></system-err>
</testsuite>
